<?xml version="1.0" encoding="UTF-8"?>
<testng-results ignored="0" total="1" passed="1" failed="0" skipped="0">
  <reporter-output>
  </reporter-output>
  <suite started-at="2024-03-28T23:59:27 IST" name="Suite" finished-at="2024-03-28T23:59:39 IST" duration-ms="11998">
    <groups>
    </groups>
    <test started-at="2024-03-28T23:59:27 IST" name="Test2" finished-at="2024-03-28T23:59:39 IST" duration-ms="11998">
      <class name="maven.seleniumjenkins.WebTest">
        <test-method signature="startBrowser(java.lang.String)[pri:0, instance:maven.seleniumjenkins.WebTest@1622f1b]" started-at="2024-03-28T23:59:27 IST" name="startBrowser" finished-at="2024-03-28T23:59:39 IST" duration-ms="11959" status="PASS">
          <params>
            <param index="0">
              <value>
                <![CDATA[Chrome]]>
              </value>
            </param>
          </params>
          <reporter-output>
          </reporter-output>
        </test-method> <!-- startBrowser -->
      </class> <!-- maven.seleniumjenkins.WebTest -->
    </test> <!-- Test2 -->
  </suite> <!-- Suite -->
</testng-results>
